Base path: C:/Program Files/Unity/Editor/Data
Cmd: initializeCompiler
Cmd: preprocess
  insize=9655 outsize=2158 ok=1
Cmd: preprocess
  insize=11714 outsize=749 ok=1
Cmd: preprocess
  insize=1371 outsize=507 ok=1
Cmd: preprocess
  insize=9016 outsize=768 ok=1
Cmd: preprocess
  insize=1844 outsize=424 ok=1
Cmd: preprocess
  insize=1059 outsize=428 ok=1
Cmd: preprocess
  insize=1149 outsize=390 ok=1
Cmd: preprocess
  insize=2058 outsize=478 ok=1
Cmd: preprocess
  insize=1444 outsize=486 ok=1
Cmd: preprocess
  insize=3807 outsize=736 ok=1
Cmd: preprocess
  insize=1328 outsize=367 ok=1
Cmd: preprocess
  insize=1381 outsize=482 ok=1
Cmd: preprocess
  error: 2 plat 20 at (42): Can't find include file frag_ao.cginc
  error: 2 plat 20 at (45): Can't find include file frag_ao.cginc
  error: 2 plat 20 at (48): Can't find include file frag_ao.cginc
  error: 2 plat 20 at (51): Can't find include file frag_ao.cginc
  error: 2 plat 20 at (55): Can't find include file frag_ao.cginc
  insize=6914 outsize=769 ok=0
Cmd: preprocess
  insize=1320 outsize=387 ok=1
Cmd: preprocess
  insize=2838 outsize=768 ok=1
Cmd: preprocess
  insize=1112 outsize=377 ok=1
Cmd: preprocess
  insize=1528 outsize=459 ok=1
Cmd: preprocess
  insize=1502 outsize=338 ok=1
Cmd: preprocess
  insize=1846 outsize=803 ok=1
Cmd: preprocess
  insize=1550 outsize=417 ok=1
Cmd: preprocess
  insize=1423 outsize=401 ok=1
Cmd: preprocess
  insize=2486 outsize=727 ok=1
Cmd: preprocess
  insize=1104 outsize=343 ok=1
Cmd: preprocess
  insize=829 outsize=306 ok=1
Cmd: preprocess
  insize=2362 outsize=718 ok=1
Cmd: preprocess
  insize=33550 outsize=342 ok=1
Cmd: preprocess
  insize=1367 outsize=333 ok=1
Cmd: preprocess
  insize=3839 outsize=701 ok=1
Cmd: preprocess
  insize=1144 outsize=322 ok=1
Cmd: preprocess
  insize=5672 outsize=1613 ok=1
Cmd: preprocess
  insize=11957 outsize=1864 ok=1
Cmd: preprocess
  insize=1182 outsize=431 ok=1
Cmd: preprocess
  insize=6617 outsize=723 ok=1
Cmd: preprocess
  insize=3050 outsize=749 ok=1
Cmd: preprocess
  insize=8630 outsize=991 ok=1
Cmd: preprocess
  insize=1119 outsize=519 ok=1
Cmd: preprocess
  insize=14417 outsize=2465 ok=1
Cmd: preprocess
  insize=2133 outsize=537 ok=1
Cmd: preprocess
  insize=1849 outsize=373 ok=1
Cmd: preprocess
  insize=28379 outsize=4295 ok=1
Cmd: preprocess
  insize=4351 outsize=574 ok=1
Cmd: preprocess
  insize=2464 outsize=1295 ok=1
Cmd: preprocess
  insize=1908 outsize=371 ok=1
Cmd: preprocess
  insize=1173 outsize=427 ok=1
Cmd: preprocess
  insize=1284 outsize=509 ok=1
Cmd: preprocess
  insize=777 outsize=252 ok=1
Cmd: preprocess
  insize=6168 outsize=838 ok=1
Cmd: preprocess
  insize=5928 outsize=726 ok=1
Cmd: preprocess
  insize=622 outsize=350 ok=1
Cmd: preprocess
  insize=33559 outsize=341 ok=1
Cmd: preprocess
  insize=5406 outsize=1843 ok=1
Cmd: preprocess
  insize=7076 outsize=325 ok=1
Cmd: preprocess
  insize=4769 outsize=609 ok=1
Cmd: preprocess
  insize=5243 outsize=1074 ok=1
Cmd: preprocess
  insize=6093 outsize=1292 ok=1
Cmd: preprocess
  insize=758 outsize=303 ok=1
Cmd: preprocess
  insize=4159 outsize=642 ok=1
Cmd: preprocess
  insize=1011 outsize=372 ok=1
Cmd: preprocess
  insize=1491 outsize=370 ok=1
Cmd: preprocess
  insize=2350 outsize=1060 ok=1
Cmd: preprocess
  insize=1633 outsize=512 ok=1
Cmd: preprocess
  insize=6299 outsize=827 ok=1
Cmd: preprocess
  insize=1221 outsize=566 ok=1
Cmd: preprocess
  insize=1370 outsize=465 ok=1
Cmd: preprocess
  insize=701 outsize=331 ok=1
Cmd: preprocess
  insize=858 outsize=390 ok=1
Cmd: preprocess
  insize=1886 outsize=767 ok=1
